#
# There is insufficient memory for the Java Runtime Environment to continue.
# Native memory allocation (malloc) failed to allocate 32744 bytes for ChunkPool::allocate
# Possible reasons:
#   The system is out of physical RAM or swap space
#   The process is running with CompressedOops enabled, and the Java Heap may be blocking the growth of the native heap
# Possible solutions:
#   Reduce memory load on the system
#   Increase physical memory or swap space
#   Check if swap backing store is full
#   Decrease Java heap size (-Xmx/-Xms)
#   Decrease number of Java threads
#   Decrease Java thread stack sizes (-Xss)
#   Set larger code cache with -XX:ReservedCodeCacheSize=
#   JVM is running with Unscaled Compressed Oops mode in which the Java heap is
#     placed in the first 4GB address space. The Java Heap base address is the
#     maximum limit for the native heap growth. Please use -XX:HeapBaseMinAddress
#     to set the Java Heap base and to place the Java Heap above 4GB virtual address.
# This output file may be truncated or incomplete.
#
#  Out of Memory Error (./open/src/hotspot/share/memory/arena.cpp:79), pid=752, tid=11384
#
# JRE version: Java(TM) SE Runtime Environment (14.0.2+12) (build 14.0.2+12-46)
# Java VM: Java HotSpot(TM) 64-Bit Server VM (14.0.2+12-46, mixed mode, sharing, tiered, compressed oops, g1 gc, windows-amd64)
# No core dump will be written. Minidumps are not enabled by default on client versions of Windows
#

---------------  S U M M A R Y ------------

Command Line: -ea -Didea.test.cyclic.buffer.size=1048576 -javaagent:C:\Program Files\JetBrains\IntelliJ IDEA Community Edition 2020.3.3\lib\idea_rt.jar=52443:C:\Program Files\JetBrains\IntelliJ IDEA Community Edition 2020.3.3\bin -Dfile.encoding=UTF-8 com.intellij.rt.junit.JUnitStarter -ideVersion5 -junit5 com.udacity.jdnd.course3.critter.CritterFunctionalTest,testSchedulePetsForServiceWithEmployee

Host: Intel(R) Core(TM) i5-3337U CPU @ 1.80GHz, 4 cores, 5G,  Windows 10 , 64 bit Build 19041 (10.0.19041.928)
Time: Sun May 23 12:27:25 2021 Egypt Standard Time elapsed time: 17 seconds (0d 0h 0m 17s)

---------------  T H R E A D  ---------------

Current thread (0x000001f501d88000):  JavaThread "C2 CompilerThread1" daemon [_thread_in_native, id=11384, stack(0x0000006306700000,0x0000006306800000)]


Current CompileTask:
C2:  17078 5020       4       org.springframework.core.annotation.AnnotationsScanner::processMethodHierarchy (274 bytes)

Stack: [0x0000006306700000,0x0000006306800000]
Native frames: (J=compiled Java code, j=interpreted, Vv=VM code, C=native code)
V  [jvm.dll+0x5f8a9a]
V  [jvm.dll+0x74247a]
V  [jvm.dll+0x743c2f]
V  [jvm.dll+0x744273]
V  [jvm.dll+0x20d288]
V  [jvm.dll+0xabea6]
V  [jvm.dll+0xabc7d]
V  [jvm.dll+0x5d99f6]
V  [jvm.dll+0x67eda]
V  [jvm.dll+0x4ff8ef]
V  [jvm.dll+0x4fd770]
V  [jvm.dll+0x4fe180]
V  [jvm.dll+0x4fd57e]
V  [jvm.dll+0x4fd591]
V  [jvm.dll+0x4fd545]
V  [jvm.dll+0x4fd591]
V  [jvm.dll+0x4fd591]
V  [jvm.dll+0x4fd591]
V  [jvm.dll+0x4fd591]
V  [jvm.dll+0x4fd591]
V  [jvm.dll+0x4fd591]
V  [jvm.dll+0x4fd591]
V  [jvm.dll+0x50d720]
V  [jvm.dll+0x1ee1da]
V  [jvm.dll+0x1e7cfb]
V  [jvm.dll+0x1e4f98]
V  [jvm.dll+0x1779cc]
V  [jvm.dll+0x1f4105]
V  [jvm.dll+0x1f22eb]
V  [jvm.dll+0x7070cd]
V  [jvm.dll+0x6ffeda]
V  [jvm.dll+0x5f78f6]
C  [ucrtbase.dll+0x21bb2]
C  [KERNEL32.DLL+0x17034]
C  [ntdll.dll+0x52651]


---------------  P R O C E S S  ---------------

Threads class SMR info:
_java_thread_list=0x000001f5022b16b0, length=15, elements={
0x000001f55f445000, 0x000001f57c8d6000, 0x000001f57c8d7000, 0x000001f57c8f4800,
0x000001f57c8f7800, 0x000001f57c8f9800, 0x000001f57c8fc800, 0x000001f57c8fd800,
0x000001f57d280800, 0x000001f55f508000, 0x000001f57d37a000, 0x000001f57d37a800,
0x000001f500d13000, 0x000001f500d14000, 0x000001f501d88000
}

Java Threads: ( => current thread )
  0x000001f55f445000 JavaThread "main" [_thread_in_vm, id=2440, stack(0x0000006304f00000,0x0000006305000000)]
  0x000001f57c8d6000 JavaThread "Reference Handler" daemon [_thread_blocked, id=1952, stack(0x0000006305600000,0x0000006305700000)]
  0x000001f57c8d7000 JavaThread "Finalizer" daemon [_thread_blocked, id=1248, stack(0x0000006305700000,0x0000006305800000)]
  0x000001f57c8f4800 JavaThread "Signal Dispatcher" daemon [_thread_blocked, id=7588, stack(0x0000006305800000,0x0000006305900000)]
  0x000001f57c8f7800 JavaThread "Attach Listener" daemon [_thread_blocked, id=6344, stack(0x0000006305900000,0x0000006305a00000)]
  0x000001f57c8f9800 JavaThread "Service Thread" daemon [_thread_blocked, id=13236, stack(0x0000006305a00000,0x0000006305b00000)]
  0x000001f57c8fc800 JavaThread "C2 CompilerThread0" daemon [_thread_in_native, id=1004, stack(0x0000006305b00000,0x0000006305c00000)]
  0x000001f57c8fd800 JavaThread "C1 CompilerThread0" daemon [_thread_blocked, id=10632, stack(0x0000006305c00000,0x0000006305d00000)]
  0x000001f57d280800 JavaThread "Sweeper thread" daemon [_thread_blocked, id=5016, stack(0x0000006305d00000,0x0000006305e00000)]
  0x000001f55f508000 JavaThread "Common-Cleaner" daemon [_thread_blocked, id=1988, stack(0x0000006305e00000,0x0000006305f00000)]
  0x000001f57d37a000 JavaThread "Monitor Ctrl-Break" daemon [_thread_in_native, id=9628, stack(0x0000006305f00000,0x0000006306000000)]
  0x000001f57d37a800 JavaThread "Notification Thread" daemon [_thread_blocked, id=6652, stack(0x0000006306000000,0x0000006306100000)]
  0x000001f500d13000 JavaThread "mysql-cj-abandoned-connection-cleanup" daemon [_thread_blocked, id=3720, stack(0x0000006306400000,0x0000006306500000)]
  0x000001f500d14000 JavaThread "HikariPool-1 housekeeper" daemon [_thread_blocked, id=9488, stack(0x0000006306300000,0x0000006306400000)]
=>0x000001f501d88000 JavaThread "C2 CompilerThread1" daemon [_thread_in_native, id=11384, stack(0x0000006306700000,0x0000006306800000)]

Other Threads:
  0x000001f57c8cf000 VMThread "VM Thread" [stack: 0x0000006305500000,0x0000006305600000] [id=4932]
  0x000001f57d37b800 WatcherThread [stack: 0x0000006306100000,0x0000006306200000] [id=2428]
  0x000001f55f47a000 GCTaskThread "GC Thread#0" [stack: 0x0000006305000000,0x0000006305100000] [id=8228]
  0x000001f57d8ec800 GCTaskThread "GC Thread#1" [stack: 0x0000006306200000,0x0000006306300000] [id=12816]
  0x000001f57ee1e800 GCTaskThread "GC Thread#2" [stack: 0x0000006306500000,0x0000006306600000] [id=6732]
  0x000001f500020800 GCTaskThread "GC Thread#3" [stack: 0x0000006306600000,0x0000006306700000] [id=4852]
  0x000001f55f488800 ConcurrentGCThread "G1 Main Marker" [stack: 0x0000006305100000,0x0000006305200000] [id=7768]
  0x000001f55f489800 ConcurrentGCThread "G1 Conc#0" [stack: 0x0000006305200000,0x0000006305300000] [id=12720]
  0x000001f55f4f8800 ConcurrentGCThread "G1 Refine#0" [stack: 0x0000006305300000,0x0000006305400000] [id=10128]
  0x000001f55f4f9800 ConcurrentGCThread "G1 Young RemSet Sampling" [stack: 0x0000006305400000,0x0000006305500000] [id=12472]

Threads with active compile tasks:
C2 CompilerThread0    17366 5030       4       java.lang.Class::getDeclaredAnnotations (11 bytes)
C2 CompilerThread1    17366 5020       4       org.springframework.core.annotation.AnnotationsScanner::processMethodHierarchy (274 bytes)

VM state:not at safepoint (normal execution)

VM Mutex/Monitor currently owned by a thread: None

Heap address: 0x00000000a1800000, size: 1512 MB, Compressed Oops mode: 32-bit
Narrow klass base: 0x0000000800000000, Narrow klass shift: 3
Compressed class space size: 1073741824 Address: 0x0000000800b30000

Heap:
 garbage-first heap   total 73728K, used 27986K [0x00000000a1800000, 0x0000000100000000)
  region size 1024K, 8 young (8192K), 5 survivors (5120K)
 Metaspace       used 53940K, capacity 55479K, committed 55628K, reserved 1097728K
  class space    used 7375K, capacity 7986K, committed 8064K, reserved 1048576K
Heap Regions: E=young(eden), S=young(survivor), O=old, HS=humongous(starts), HC=humongous(continues), CS=collection set, F=free, OA=open archive, CA=closed archive, TAMS=top-at-mark-start (previous, next)
|   0|0x00000000a1800000, 0x00000000a1900000, 0x00000000a1900000|100%|HS|  |TAMS 0x00000000a1900000, 0x00000000a1800000| Complete 
|   1|0x00000000a1900000, 0x00000000a1a00000, 0x00000000a1a00000|100%| O|  |TAMS 0x00000000a1a00000, 0x00000000a1900000| Untracked 
|   2|0x00000000a1a00000, 0x00000000a1b00000, 0x00000000a1b00000|100%| O|  |TAMS 0x00000000a1b00000, 0x00000000a1a00000| Untracked 
|   3|0x00000000a1b00000, 0x00000000a1c00000, 0x00000000a1c00000|100%| O|  |TAMS 0x00000000a1c00000, 0x00000000a1b00000| Untracked 
|   4|0x00000000a1c00000, 0x00000000a1d00000, 0x00000000a1d00000|100%| O|  |TAMS 0x00000000a1d00000, 0x00000000a1c00000| Untracked 
|   5|0x00000000a1d00000, 0x00000000a1e00000, 0x00000000a1e00000|100%| O|  |TAMS 0x00000000a1e00000, 0x00000000a1d00000| Untracked 
|   6|0x00000000a1e00000, 0x00000000a1f00000, 0x00000000a1f00000|100%| O|  |TAMS 0x00000000a1f00000, 0x00000000a1e00000| Untracked 
|   7|0x00000000a1f00000, 0x00000000a2000000, 0x00000000a2000000|100%| O|  |TAMS 0x00000000a2000000, 0x00000000a1f00000| Untracked 
|   8|0x00000000a2000000, 0x00000000a2100000, 0x00000000a2100000|100%| O|  |TAMS 0x00000000a2100000, 0x00000000a2000000| Untracked 
|   9|0x00000000a2100000, 0x00000000a2200000, 0x00000000a2200000|100%| O|  |TAMS 0x00000000a2200000, 0x00000000a2100000| Untracked 
|  10|0x00000000a2200000, 0x00000000a2300000, 0x00000000a2300000|100%| O|  |TAMS 0x00000000a2300000, 0x00000000a2200000| Untracked 
|  11|0x00000000a2300000, 0x00000000a2400000, 0x00000000a2400000|100%| O|  |TAMS 0x00000000a2400000, 0x00000000a2300000| Untracked 
|  12|0x00000000a2400000, 0x00000000a2500000, 0x00000000a2500000|100%| O|  |TAMS 0x00000000a24a1400, 0x00000000a2400000| Untracked 
|  13|0x00000000a2500000, 0x00000000a2600000, 0x00000000a2600000|100%| O|  |TAMS 0x00000000a2500000, 0x00000000a2500000| Untracked 
|  14|0x00000000a2600000, 0x00000000a2700000, 0x00000000a2700000|100%| O|  |TAMS 0x00000000a2600000, 0x00000000a2600000| Untracked 
|  15|0x00000000a2700000, 0x00000000a2800000, 0x00000000a2800000|100%| O|  |TAMS 0x00000000a2700000, 0x00000000a2700000| Untracked 
|  16|0x00000000a2800000, 0x00000000a2900000, 0x00000000a2900000|100%| O|  |TAMS 0x00000000a2800000, 0x00000000a2800000| Untracked 
|  17|0x00000000a2900000, 0x00000000a2a00000, 0x00000000a2a00000|100%| O|  |TAMS 0x00000000a2900000, 0x00000000a2900000| Untracked 
|  18|0x00000000a2a00000, 0x00000000a2a54a00, 0x00000000a2b00000| 33%| O|  |TAMS 0x00000000a2a00000, 0x00000000a2a00000| Untracked 
|  19|0x00000000a2b00000, 0x00000000a2b00000, 0x00000000a2c00000|  0%| F|  |TAMS 0x00000000a2b00000, 0x00000000a2b00000| Untracked 
|  20|0x00000000a2c00000, 0x00000000a2c00000, 0x00000000a2d00000|  0%| F|  |TAMS 0x00000000a2c00000, 0x00000000a2c00000| Untracked 
|  21|0x00000000a2d00000, 0x00000000a2d00000, 0x00000000a2e00000|  0%| F|  |TAMS 0x00000000a2d00000, 0x00000000a2d00000| Untracked 
|  22|0x00000000a2e00000, 0x00000000a2e00000, 0x00000000a2f00000|  0%| F|  |TAMS 0x00000000a2e00000, 0x00000000a2e00000| Untracked 
|  23|0x00000000a2f00000, 0x00000000a2f00000, 0x00000000a3000000|  0%| F|  |TAMS 0x00000000a2f00000, 0x00000000a2f00000| Untracked 
|  24|0x00000000a3000000, 0x00000000a3000000, 0x00000000a3100000|  0%| F|  |TAMS 0x00000000a3000000, 0x00000000a3000000| Untracked 
|  25|0x00000000a3100000, 0x00000000a3200000, 0x00000000a3200000|100%| S|CS|TAMS 0x00000000a3100000, 0x00000000a3100000| Complete 
|  26|0x00000000a3200000, 0x00000000a3200000, 0x00000000a3300000|  0%| F|  |TAMS 0x00000000a3200000, 0x00000000a3200000| Untracked 
|  27|0x00000000a3300000, 0x00000000a3300000, 0x00000000a3400000|  0%| F|  |TAMS 0x00000000a3300000, 0x00000000a3300000| Untracked 
|  28|0x00000000a3400000, 0x00000000a3400000, 0x00000000a3500000|  0%| F|  |TAMS 0x00000000a3400000, 0x00000000a3400000| Untracked 
|  29|0x00000000a3500000, 0x00000000a3500000, 0x00000000a3600000|  0%| F|  |TAMS 0x00000000a3500000, 0x00000000a3500000| Untracked 
|  30|0x00000000a3600000, 0x00000000a3600000, 0x00000000a3700000|  0%| F|  |TAMS 0x00000000a3600000, 0x00000000a3600000| Untracked 
|  31|0x00000000a3700000, 0x00000000a3700000, 0x00000000a3800000|  0%| F|  |TAMS 0x00000000a3700000, 0x00000000a3700000| Untracked 
|  32|0x00000000a3800000, 0x00000000a3900000, 0x00000000a3900000|100%| S|CS|TAMS 0x00000000a3800000, 0x00000000a3800000| Complete 
|  33|0x00000000a3900000, 0x00000000a3a00000, 0x00000000a3a00000|100%| S|CS|TAMS 0x00000000a3900000, 0x00000000a3900000| Complete 
|  34|0x00000000a3a00000, 0x00000000a3b00000, 0x00000000a3b00000|100%| S|CS|TAMS 0x00000000a3a00000, 0x00000000a3a00000| Complete 
|  35|0x00000000a3b00000, 0x00000000a3c00000, 0x00000000a3c00000|100%| S|CS|TAMS 0x00000000a3b00000, 0x00000000a3b00000| Complete 
|  36|0x00000000a3c00000, 0x00000000a3c00000, 0x00000000a3d00000|  0%| F|  |TAMS 0x00000000a3c00000, 0x00000000a3c00000| Untracked 
|  37|0x00000000a3d00000, 0x00000000a3d00000, 0x00000000a3e00000|  0%| F|  |TAMS 0x00000000a3d00000, 0x00000000a3d00000| Untracked 
|  38|0x00000000a3e00000, 0x00000000a3e00000, 0x00000000a3f00000|  0%| F|  |TAMS 0x00000000a3e00000, 0x00000000a3e00000| Untracked 
|  39|0x00000000a3f00000, 0x00000000a3f00000, 0x00000000a4000000|  0%| F|  |TAMS 0x00000000a3f00000, 0x00000000a3f00000| Untracked 
|  40|0x00000000a4000000, 0x00000000a4000000, 0x00000000a4100000|  0%| F|  |TAMS 0x00000000a4000000, 0x00000000a4000000| Untracked 
|  41|0x00000000a4100000, 0x00000000a4100000, 0x00000000a4200000|  0%| F|  |TAMS 0x00000000a4100000, 0x00000000a4100000| Untracked 
|  42|0x00000000a4200000, 0x00000000a4200000, 0x00000000a4300000|  0%| F|  |TAMS 0x00000000a4200000, 0x00000000a4200000| Untracked 
|  43|0x00000000a4300000, 0x00000000a4300000, 0x00000000a4400000|  0%| F|  |TAMS 0x00000000a4300000, 0x00000000a4300000| Untracked 
|  44|0x00000000a4400000, 0x00000000a4400000, 0x00000000a4500000|  0%| F|  |TAMS 0x00000000a4400000, 0x00000000a4400000| Untracked 
|  45|0x00000000a4500000, 0x00000000a4500000, 0x00000000a4600000|  0%| F|  |TAMS 0x00000000a4500000, 0x00000000a4500000| Untracked 
|  46|0x00000000a4600000, 0x00000000a4600000, 0x00000000a4700000|  0%| F|  |TAMS 0x00000000a4600000, 0x00000000a4600000| Untracked 
|  47|0x00000000a4700000, 0x00000000a4700000, 0x00000000a4800000|  0%| F|  |TAMS 0x00000000a4700000, 0x00000000a4700000| Untracked 
|  48|0x00000000a4800000, 0x00000000a4800000, 0x00000000a4900000|  0%| F|  |TAMS 0x00000000a4800000, 0x00000000a4800000| Untracked 
|  49|0x00000000a4900000, 0x00000000a4900000, 0x00000000a4a00000|  0%| F|  |TAMS 0x00000000a4900000, 0x00000000a4900000| Untracked 
|  50|0x00000000a4a00000, 0x00000000a4a00000, 0x00000000a4b00000|  0%| F|  |TAMS 0x00000000a4a00000, 0x00000000a4a00000| Untracked 
|  51|0x00000000a4b00000, 0x00000000a4b00000, 0x00000000a4c00000|  0%| F|  |TAMS 0x00000000a4b00000, 0x00000000a4b00000| Untracked 
|  52|0x00000000a4c00000, 0x00000000a4c00000, 0x00000000a4d00000|  0%| F|  |TAMS 0x00000000a4c00000, 0x00000000a4c00000| Untracked 
|  53|0x00000000a4d00000, 0x00000000a4d00000, 0x00000000a4e00000|  0%| F|  |TAMS 0x00000000a4d00000, 0x00000000a4d00000| Untracked 
|  54|0x00000000a4e00000, 0x00000000a4e00000, 0x00000000a4f00000|  0%| F|  |TAMS 0x00000000a4e00000, 0x00000000a4e00000| Untracked 
|  55|0x00000000a4f00000, 0x00000000a4f00000, 0x00000000a5000000|  0%| F|  |TAMS 0x00000000a4f00000, 0x00000000a4f00000| Untracked 
|  56|0x00000000a5000000, 0x00000000a5000000, 0x00000000a5100000|  0%| F|  |TAMS 0x00000000a5000000, 0x00000000a5000000| Untracked 
|  57|0x00000000a5100000, 0x00000000a5100000, 0x00000000a5200000|  0%| F|  |TAMS 0x00000000a5100000, 0x00000000a5100000| Untracked 
|  58|0x00000000a5200000, 0x00000000a5200000, 0x00000000a5300000|  0%| F|  |TAMS 0x00000000a5200000, 0x00000000a5200000| Untracked 
|  59|0x00000000a5300000, 0x00000000a5300000, 0x00000000a5400000|  0%| F|  |TAMS 0x00000000a5300000, 0x00000000a5300000| Untracked 
|  60|0x00000000a5400000, 0x00000000a5400000, 0x00000000a5500000|  0%| F|  |TAMS 0x00000000a5400000, 0x00000000a5400000| Untracked 
|  61|0x00000000a5500000, 0x00000000a5500000, 0x00000000a5600000|  0%| F|  |TAMS 0x00000000a5500000, 0x00000000a5500000| Untracked 
|  62|0x00000000a5600000, 0x00000000a5600000, 0x00000000a5700000|  0%| F|  |TAMS 0x00000000a5600000, 0x00000000a5600000| Untracked 
|  63|0x00000000a5700000, 0x00000000a5700000, 0x00000000a5800000|  0%| F|  |TAMS 0x00000000a5700000, 0x00000000a5700000| Untracked 
|  64|0x00000000a5800000, 0x00000000a5800000, 0x00000000a5900000|  0%| F|  |TAMS 0x00000000a5800000, 0x00000000a5800000| Untracked 
|  65|0x00000000a5900000, 0x00000000a5980800, 0x00000000a5a00000| 50%| E|  |TAMS 0x00000000a5900000, 0x00000000a5900000| Complete 
|  66|0x00000000a5a00000, 0x00000000a5b00000, 0x00000000a5b00000|100%| E|CS|TAMS 0x00000000a5a00000, 0x00000000a5a00000| Complete 
|  67|0x00000000a5b00000, 0x00000000a5c00000, 0x00000000a5c00000|100%| E|CS|TAMS 0x00000000a5b00000, 0x00000000a5b00000| Complete 
|  68|0x00000000a5c00000, 0x00000000a5d00000, 0x00000000a5d00000|100%| E|CS|TAMS 0x00000000a5c00000, 0x00000000a5c00000| Complete 
|  95|0x00000000a7700000, 0x00000000a7800000, 0x00000000a7800000|100%| E|CS|TAMS 0x00000000a7700000, 0x00000000a7700000| Complete 
|1510|0x00000000ffe00000, 0x00000000fff00000, 0x00000000fff00000|100%| O|  |TAMS 0x00000000fff00000, 0x00000000ffe00000| Untracked 
|1511|0x00000000fff00000, 0x0000000100000000, 0x0000000100000000|100%| O|  |TAMS 0x0000000100000000, 0x00000000fff00000| Untracked 

Card table byte_map: [0x000001f576ee0000,0x000001f5771e0000] _byte_map_base: 0x000001f5769d4000

Marking Bits (Prev, Next): (CMBitMap*) 0x000001f55f47bc68, (CMBitMap*) 0x000001f55f47bca8
 Prev Bits: [0x000001f5774e0000, 0x000001f578c80000)
 Next Bits: [0x000001f578c80000, 0x000001f57a420000)

Polling page: 0x000001f55d5e0000

Metaspace:

Usage:
  Non-class:     46.51 MB capacity,    45.58 MB ( 98%) used,   760.70 KB (  2%) free+waste,   189.38 KB ( <1%) overhead. 
      Class:      7.83 MB capacity,     7.23 MB ( 92%) used,   523.10 KB (  7%) free+waste,    90.94 KB (  1%) overhead. 
       Both:     54.34 MB capacity,    52.81 MB ( 97%) used,     1.25 MB (  2%) free+waste,   280.31 KB ( <1%) overhead. 

Virtual space:
  Non-class space:       48.00 MB reserved,      46.70 MB ( 97%) committed 
      Class space:        1.00 GB reserved,       7.88 MB ( <1%) committed 
             Both:        1.05 GB reserved,      54.57 MB (  5%) committed 

Chunk freelists:
   Non-Class:  6.00 KB
       Class:  13.00 KB
        Both:  19.00 KB

MaxMetaspaceSize: 17179869184.00 GB
CompressedClassSpaceSize: 1.00 GB

CodeHeap 'non-profiled nmethods': size=120000Kb used=2583Kb max_used=2985Kb free=117416Kb
 bounds [0x000001f56f6b0000, 0x000001f56f9a0000, 0x000001f576be0000]
CodeHeap 'profiled nmethods': size=120000Kb used=9654Kb max_used=10290Kb free=110345Kb
 bounds [0x000001f568180000, 0x000001f568b90000, 0x000001f56f6b0000]
CodeHeap 'non-nmethods': size=5760Kb used=1316Kb max_used=1364Kb free=4443Kb
 bounds [0x000001f567be0000, 0x000001f567e50000, 0x000001f568180000]
 total_blobs=5038 nmethods=4434 adapters=515
 compilation: enabled
              stopped_count=0, restarted_count=0
 full_count=0

Compilation events (20 events):
Event: 17.018 Thread 0x000001f57c8fd800 5091       3       org.springframework.util.ClassUtils::isAssignableValue (34 bytes)
Event: 17.019 Thread 0x000001f57c8fd800 nmethod 5091 0x000001f5682c7b10 code [0x000001f5682c7ce0, 0x000001f5682c8078]
Event: 17.019 Thread 0x000001f57c8fd800 5092       3       org.springframework.asm.ClassReader::createDebugLabel (23 bytes)
Event: 17.020 Thread 0x000001f57c8fd800 nmethod 5092 0x000001f56831b210 code [0x000001f56831b400, 0x000001f56831bab8]
Event: 17.020 Thread 0x000001f57c8fd800 5093       3       org.springframework.asm.MethodVisitor::visitLabel (16 bytes)
Event: 17.020 Thread 0x000001f57c8fd800 nmethod 5093 0x000001f5682dff90 code [0x000001f5682e0140, 0x000001f5682e0368]
Event: 17.020 Thread 0x000001f57c8fd800 5095       3       org.springframework.asm.ClassReader::readShort (27 bytes)
Event: 17.021 Thread 0x000001f57c8fd800 nmethod 5095 0x000001f5682c7710 code [0x000001f5682c78a0, 0x000001f5682c7a38]
Event: 17.021 Thread 0x000001f57c8fd800 5097       3       org.springframework.asm.ClassReader::readLabel (34 bytes)
Event: 17.021 Thread 0x000001f57c8fd800 nmethod 5097 0x000001f56831a890 code [0x000001f56831aa60, 0x000001f56831b038]
Event: 17.021 Thread 0x000001f57c8fd800 5094       3       org.springframework.asm.MethodVisitor::visitMethodInsn (80 bytes)
Event: 17.022 Thread 0x000001f57c8fd800 nmethod 5094 0x000001f56831a010 code [0x000001f56831a1e0, 0x000001f56831a6e8]
Event: 17.022 Thread 0x000001f57c8fd800 5096       3       org.springframework.asm.MethodVisitor::visitVarInsn (17 bytes)
Event: 17.022 Thread 0x000001f57c8fd800 nmethod 5096 0x000001f568319b90 code [0x000001f568319d40, 0x000001f568319f68]
Event: 17.023 Thread 0x000001f57c8fd800 5098       3       org.springframework.asm.Label::accept (65 bytes)
Event: 17.023 Thread 0x000001f57c8fd800 nmethod 5098 0x000001f568319290 code [0x000001f568319460, 0x000001f5683199e8]
Event: 17.024 Thread 0x000001f57c8fd800 5099       3       org.springframework.asm.Label::addLineNumber (89 bytes)
Event: 17.025 Thread 0x000001f57c8fd800 nmethod 5099 0x000001f568263210 code [0x000001f5682633e0, 0x000001f568263928]
Event: 17.025 Thread 0x000001f57c8fd800 5100       3       org.springframework.asm.MethodVisitor::visitLineNumber (17 bytes)
Event: 17.025 Thread 0x000001f57c8fd800 nmethod 5100 0x000001f568262d90 code [0x000001f568262f40, 0x000001f568263168]

GC Heap History (20 events):
Event: 7.569 GC heap before
{Heap before GC invocations=7 (full 0):
 garbage-first heap   total 51200K, used 37896K [0x00000000a1800000, 0x0000000100000000)
  region size 1024K, 30 young (30720K), 4 survivors (4096K)
 Metaspace       used 22091K, capacity 22888K, committed 23040K, reserved 1069056K
  class space    used 2902K, capacity 3239K, committed 3328K, reserved 1048576K
}
Event: 7.577 GC heap after
{Heap after GC invocations=8 (full 0):
 garbage-first heap   total 51200K, used 12948K [0x00000000a1800000, 0x0000000100000000)
  region size 1024K, 3 young (3072K), 3 survivors (3072K)
 Metaspace       used 22091K, capacity 22888K, committed 23040K, reserved 1069056K
  class space    used 2902K, capacity 3239K, committed 3328K, reserved 1048576K
}
Event: 8.495 GC heap before
{Heap before GC invocations=8 (full 0):
 garbage-first heap   total 51200K, used 39572K [0x00000000a1800000, 0x0000000100000000)
  region size 1024K, 29 young (29696K), 3 survivors (3072K)
 Metaspace       used 24177K, capacity 25133K, committed 25344K, reserved 1071104K
  class space    used 3187K, capacity 3554K, committed 3584K, reserved 1048576K
}
Event: 8.504 GC heap after
{Heap after GC invocations=9 (full 0):
 garbage-first heap   total 51200K, used 13630K [0x00000000a1800000, 0x0000000100000000)
  region size 1024K, 2 young (2048K), 2 survivors (2048K)
 Metaspace       used 24177K, capacity 25133K, committed 25344K, reserved 1071104K
  class space    used 3187K, capacity 3554K, committed 3584K, reserved 1048576K
}
Event: 9.653 GC heap before
{Heap before GC invocations=9 (full 0):
 garbage-first heap   total 51200K, used 40254K [0x00000000a1800000, 0x0000000100000000)
  region size 1024K, 28 young (28672K), 2 survivors (2048K)
 Metaspace       used 27038K, capacity 28077K, committed 28416K, reserved 1073152K
  class space    used 3569K, capacity 3970K, committed 4096K, reserved 1048576K
}
Event: 9.665 GC heap after
{Heap after GC invocations=10 (full 0):
 garbage-first heap   total 51200K, used 15062K [0x00000000a1800000, 0x0000000100000000)
  region size 1024K, 4 young (4096K), 4 survivors (4096K)
 Metaspace       used 27038K, capacity 28077K, committed 28416K, reserved 1073152K
  class space    used 3569K, capacity 3970K, committed 4096K, reserved 1048576K
}
Event: 10.822 GC heap before
{Heap before GC invocations=10 (full 0):
 garbage-first heap   total 51200K, used 39638K [0x00000000a1800000, 0x0000000100000000)
  region size 1024K, 28 young (28672K), 4 survivors (4096K)
 Metaspace       used 29665K, capacity 30727K, committed 30976K, reserved 1075200K
  class space    used 3862K, capacity 4277K, committed 4352K, reserved 1048576K
}
Event: 10.835 GC heap after
{Heap after GC invocations=11 (full 0):
 garbage-first heap   total 51200K, used 16416K [0x00000000a1800000, 0x0000000100000000)
  region size 1024K, 3 young (3072K), 3 survivors (3072K)
 Metaspace       used 29665K, capacity 30727K, committed 30976K, reserved 1075200K
  class space    used 3862K, capacity 4277K, committed 4352K, reserved 1048576K
}
Event: 11.529 GC heap before
{Heap before GC invocations=11 (full 0):
 garbage-first heap   total 51200K, used 38944K [0x00000000a1800000, 0x0000000100000000)
  region size 1024K, 26 young (26624K), 3 survivors (3072K)
 Metaspace       used 33039K, capacity 34074K, committed 34304K, reserved 1079296K
  class space    used 4227K, capacity 4603K, committed 4608K, reserved 1048576K
}
Event: 11.542 GC heap after
{Heap after GC invocations=12 (full 0):
 garbage-first heap   total 61440K, used 17854K [0x00000000a1800000, 0x0000000100000000)
  region size 1024K, 3 young (3072K), 3 survivors (3072K)
 Metaspace       used 33039K, capacity 34074K, committed 34304K, reserved 1079296K
  class space    used 4227K, capacity 4603K, committed 4608K, reserved 1048576K
}
Event: 12.082 GC heap before
{Heap before GC invocations=12 (full 0):
 garbage-first heap   total 61440K, used 27070K [0x00000000a1800000, 0x0000000100000000)
  region size 1024K, 13 young (13312K), 3 survivors (3072K)
 Metaspace       used 34795K, capacity 35813K, committed 35840K, reserved 1081344K
  class space    used 4487K, capacity 4862K, committed 4864K, reserved 1048576K
}
Event: 12.094 GC heap after
{Heap after GC invocations=13 (full 0):
 garbage-first heap   total 61440K, used 18035K [0x00000000a1800000, 0x0000000100000000)
  region size 1024K, 3 young (3072K), 3 survivors (3072K)
 Metaspace       used 34795K, capacity 35813K, committed 35840K, reserved 1081344K
  class space    used 4487K, capacity 4862K, committed 4864K, reserved 1048576K
}
Event: 13.199 GC heap before
{Heap before GC invocations=14 (full 0):
 garbage-first heap   total 61440K, used 49779K [0x00000000a1800000, 0x0000000100000000)
  region size 1024K, 34 young (34816K), 3 survivors (3072K)
 Metaspace       used 40253K, capacity 41338K, committed 41420K, reserved 1085440K
  class space    used 5396K, capacity 5851K, committed 5888K, reserved 1048576K
}
Event: 13.212 GC heap after
{Heap after GC invocations=15 (full 0):
 garbage-first heap   total 61440K, used 18955K [0x00000000a1800000, 0x0000000100000000)
  region size 1024K, 3 young (3072K), 3 survivors (3072K)
 Metaspace       used 40253K, capacity 41338K, committed 41420K, reserved 1085440K
  class space    used 5396K, capacity 5851K, committed 5888K, reserved 1048576K
}
Event: 14.044 GC heap before
{Heap before GC invocations=15 (full 0):
 garbage-first heap   total 61440K, used 48651K [0x00000000a1800000, 0x0000000100000000)
  region size 1024K, 32 young (32768K), 3 survivors (3072K)
 Metaspace       used 44771K, capacity 45943K, committed 46156K, reserved 1089536K
  class space    used 6077K, capacity 6511K, committed 6528K, reserved 1048576K
}
Event: 14.055 GC heap after
{Heap after GC invocations=16 (full 0):
 garbage-first heap   total 61440K, used 19982K [0x00000000a1800000, 0x0000000100000000)
  region size 1024K, 3 young (3072K), 3 survivors (3072K)
 Metaspace       used 44771K, capacity 45943K, committed 46156K, reserved 1089536K
  class space    used 6077K, capacity 6511K, committed 6528K, reserved 1048576K
}
Event: 14.891 GC heap before
{Heap before GC invocations=16 (full 0):
 garbage-first heap   total 61440K, used 49678K [0x00000000a1800000, 0x0000000100000000)
  region size 1024K, 32 young (32768K), 3 survivors (3072K)
 Metaspace       used 48459K, capacity 49675K, committed 49868K, reserved 1091584K
  class space    used 6640K, capacity 7106K, committed 7168K, reserved 1048576K
}
Event: 14.903 GC heap after
{Heap after GC invocations=17 (full 0):
 garbage-first heap   total 73728K, used 21093K [0x00000000a1800000, 0x0000000100000000)
  region size 1024K, 3 young (3072K), 3 survivors (3072K)
 Metaspace       used 48459K, capacity 49675K, committed 49868K, reserved 1091584K
  class space    used 6640K, capacity 7106K, committed 7168K, reserved 1048576K
}
Event: 16.469 GC heap before
{Heap before GC invocations=17 (full 0):
 garbage-first heap   total 73728K, used 60005K [0x00000000a1800000, 0x0000000100000000)
  region size 1024K, 41 young (41984K), 3 survivors (3072K)
 Metaspace       used 52882K, capacity 54247K, committed 54348K, reserved 1095680K
  class space    used 7208K, capacity 7749K, committed 7808K, reserved 1048576K
}
Event: 16.491 GC heap after
{Heap after GC invocations=18 (full 0):
 garbage-first heap   total 73728K, used 23666K [0x00000000a1800000, 0x0000000100000000)
  region size 1024K, 6 young (6144K), 6 survivors (6144K)
 Metaspace       used 52882K, capacity 54247K, committed 54348K, reserved 1095680K
  class space    used 7208K, capacity 7749K, committed 7808K, reserved 1048576K
}

Deoptimization events (20 events):
Event: 16.307 Thread 0x000001f55f445000 Uncommon trap: trap_request=0xffffff45 fr.pc=0x000001f56f8baca0 relative=0x0000000000001060
Event: 16.307 Thread 0x000001f55f445000 Uncommon trap: reason=unstable_if action=reinterpret pc=0x000001f56f8baca0 method=java.util.Properties$LineReader.readLine()I @ 221 c2
Event: 16.307 Thread 0x000001f55f445000 DEOPT PACKING pc=0x000001f56f8baca0 sp=0x0000006304ffa650
Event: 16.307 Thread 0x000001f55f445000 DEOPT UNPACKING pc=0x000001f567c2912f sp=0x0000006304ffa5f0 mode 2
Event: 16.308 Thread 0x000001f55f445000 Uncommon trap: trap_request=0xffffff45 fr.pc=0x000001f56f7aff88 relative=0x0000000000000ac8
Event: 16.308 Thread 0x000001f55f445000 Uncommon trap: reason=unstable_if action=reinterpret pc=0x000001f56f7aff88 method=java.util.Properties$LineReader.readLine()I @ 379 c2
Event: 16.308 Thread 0x000001f55f445000 DEOPT PACKING pc=0x000001f56f7aff88 sp=0x0000006304ffa640
Event: 16.308 Thread 0x000001f55f445000 DEOPT UNPACKING pc=0x000001f567c2912f sp=0x0000006304ffa5f8 mode 2
Event: 16.309 Thread 0x000001f55f445000 Uncommon trap: trap_request=0xffffff45 fr.pc=0x000001f56f7a94a4 relative=0x00000000000000e4
Event: 16.309 Thread 0x000001f55f445000 Uncommon trap: reason=unstable_if action=reinterpret pc=0x000001f56f7a94a4 method=java.nio.Buffer.position(I)Ljava/nio/Buffer; @ 45 c2
Event: 16.309 Thread 0x000001f55f445000 DEOPT PACKING pc=0x000001f56f7a94a4 sp=0x0000006304ffa2a0
Event: 16.309 Thread 0x000001f55f445000 DEOPT UNPACKING pc=0x000001f567c2912f sp=0x0000006304ffa1e0 mode 2
Event: 16.310 Thread 0x000001f55f445000 Uncommon trap: trap_request=0xffffff45 fr.pc=0x000001f56f7444a4 relative=0x00000000000000e4
Event: 16.310 Thread 0x000001f55f445000 Uncommon trap: reason=unstable_if action=reinterpret pc=0x000001f56f7444a4 method=java.nio.Buffer.position(I)Ljava/nio/Buffer; @ 45 c2
Event: 16.310 Thread 0x000001f55f445000 DEOPT PACKING pc=0x000001f56f7444a4 sp=0x0000006304ffa240
Event: 16.310 Thread 0x000001f55f445000 DEOPT UNPACKING pc=0x000001f567c2912f sp=0x0000006304ffa1d8 mode 2
Event: 16.811 Thread 0x000001f55f445000 Uncommon trap: trap_request=0xffffff45 fr.pc=0x000001f56f871450 relative=0x00000000000044b0
Event: 16.811 Thread 0x000001f55f445000 Uncommon trap: reason=unstable_if action=reinterpret pc=0x000001f56f871450 method=org.springframework.core.annotation.AnnotationsScanner.processClassInheritedAnnotations(Ljava/lang/Object;Ljava/lang/Class;Lorg/springframework/core/annotation/MergedAnnotat
Event: 16.811 Thread 0x000001f55f445000 DEOPT PACKING pc=0x000001f56f871450 sp=0x0000006304ffba30
Event: 16.811 Thread 0x000001f55f445000 DEOPT UNPACKING pc=0x000001f567c2912f sp=0x0000006304ffb6f8 mode 2

Classes unloaded (0 events):
No events

Classes redefined (0 events):
No events

Internal exceptions (20 events):
Event: 16.967 Thread 0x000001f55f445000 Exception <a 'java/lang/ClassNotFoundException'{0x00000000a49a2680}: java/lang/ObjectCustomizer> (0x00000000a49a2680) 
thrown [./open/src/hotspot/share/classfile/systemDictionary.cpp, line 226]
Event: 16.969 Thread 0x000001f55f445000 Exception <a 'java/lang/ClassNotFoundException'{0x00000000a49bfbf8}: org/springframework/core/convert/support/GenericConversionServiceCustomizer> (0x00000000a49bfbf8) 
thrown [./open/src/hotspot/share/classfile/systemDictionary.cpp, line 226]
Event: 16.991 Thread 0x000001f55f445000 Exception <a 'java/lang/ClassNotFoundException'{0x00000000a49e52e0}: org/springframework/format/support/FormattingConversionServiceCustomizer> (0x00000000a49e52e0) 
thrown [./open/src/hotspot/share/classfile/systemDictionary.cpp, line 226]
Event: 16.993 Thread 0x000001f55f445000 Exception <a 'java/lang/ClassNotFoundException'{0x00000000a48096d0}: org/springframework/format/support/DefaultFormattingConversionServiceCustomizer> (0x00000000a48096d0) 
thrown [./open/src/hotspot/share/classfile/systemDictionary.cpp, line 226]
Event: 16.993 Thread 0x000001f55f445000 Exception <a 'java/lang/ClassNotFoundException'{0x00000000a4826a70}: org/springframework/boot/autoconfigure/web/format/WebConversionServiceCustomizer> (0x00000000a4826a70) 
thrown [./open/src/hotspot/share/classfile/systemDictionary.cpp, line 226]
Event: 16.994 Thread 0x000001f55f445000 Exception <a 'java/lang/ClassNotFoundException'{0x00000000a4841860}: org/springframework/format/FormatterRegistryCustomizer> (0x00000000a4841860) 
thrown [./open/src/hotspot/share/classfile/systemDictionary.cpp, line 226]
Event: 16.995 Thread 0x000001f55f445000 Exception <a 'java/lang/ClassNotFoundException'{0x00000000a4861f58}: org/springframework/core/convert/converter/ConverterRegistryCustomizer> (0x00000000a4861f58) 
thrown [./open/src/hotspot/share/classfile/systemDictionary.cpp, line 226]
Event: 16.997 Thread 0x000001f55f445000 Exception <a 'java/lang/ClassNotFoundException'{0x00000000a4880398}: org/springframework/context/EmbeddedValueResolverAwareCustomizer> (0x00000000a4880398) 
thrown [./open/src/hotspot/share/classfile/systemDictionary.cpp, line 226]
Event: 16.998 Thread 0x000001f55f445000 Exception <a 'java/lang/ClassNotFoundException'{0x00000000a4896850}: org/springframework/beans/factory/AwareCustomizer> (0x00000000a4896850) 
thrown [./open/src/hotspot/share/classfile/systemDictionary.cpp, line 226]
Event: 16.998 Thread 0x000001f55f445000 Exception <a 'java/lang/ClassNotFoundException'{0x00000000a48b13a8}: org/springframework/core/convert/support/ConfigurableConversionServiceCustomizer> (0x00000000a48b13a8) 
thrown [./open/src/hotspot/share/classfile/systemDictionary.cpp, line 226]
Event: 16.999 Thread 0x000001f55f445000 Exception <a 'java/lang/ClassNotFoundException'{0x00000000a48c8cd8}: org/springframework/core/convert/ConversionServiceCustomizer> (0x00000000a48c8cd8) 
thrown [./open/src/hotspot/share/classfile/systemDictionary.cpp, line 226]
Event: 17.000 Thread 0x000001f55f445000 Exception <a 'java/lang/ClassNotFoundException'{0x00000000a48e60f0}: org/springframework/core/convert/converter/ConverterRegistryCustomizer> (0x00000000a48e60f0) 
thrown [./open/src/hotspot/share/classfile/systemDictionary.cpp, line 226]
Event: 17.008 Thread 0x000001f55f445000 Exception <a 'java/lang/ClassNotFoundException'{0x00000000a471add8}: java/lang/ObjectCustomizer> (0x00000000a471add8) 
thrown [./open/src/hotspot/share/classfile/systemDictionary.cpp, line 226]
Event: 17.009 Thread 0x000001f55f445000 Exception <a 'java/lang/ClassNotFoundException'{0x00000000a47383f0}: org/springframework/boot/autoconfigure/validation/ValidatorAdapterCustomizer> (0x00000000a47383f0) 
thrown [./open/src/hotspot/share/classfile/systemDictionary.cpp, line 226]
Event: 17.011 Thread 0x000001f55f445000 Exception <a 'java/lang/ClassNotFoundException'{0x00000000a47573c0}: org/springframework/validation/SmartValidatorCustomizer> (0x00000000a47573c0) 
thrown [./open/src/hotspot/share/classfile/systemDictionary.cpp, line 226]
Event: 17.012 Thread 0x000001f55f445000 Exception <a 'java/lang/ClassNotFoundException'{0x00000000a476e800}: org/springframework/validation/ValidatorCustomizer> (0x00000000a476e800) 
thrown [./open/src/hotspot/share/classfile/systemDictionary.cpp, line 226]
Event: 17.014 Thread 0x000001f55f445000 Exception <a 'java/lang/ClassNotFoundException'{0x00000000a4786f10}: org/springframework/context/ApplicationContextAwareCustomizer> (0x00000000a4786f10) 
thrown [./open/src/hotspot/share/classfile/systemDictionary.cpp, line 226]
Event: 17.015 Thread 0x000001f55f445000 Exception <a 'java/lang/ClassNotFoundException'{0x00000000a479d410}: org/springframework/beans/factory/AwareCustomizer> (0x00000000a479d410) 
thrown [./open/src/hotspot/share/classfile/systemDictionary.cpp, line 226]
Event: 17.015 Thread 0x000001f55f445000 Exception <a 'java/lang/ClassNotFoundException'{0x00000000a47b4770}: org/springframework/beans/factory/InitializingBeanCustomizer> (0x00000000a47b4770) 
thrown [./open/src/hotspot/share/classfile/systemDictionary.cpp, line 226]
Event: 17.016 Thread 0x000001f55f445000 Exception <a 'java/lang/ClassNotFoundException'{0x00000000a47cbcb8}: org/springframework/beans/factory/DisposableBeanCustomizer> (0x00000000a47cbcb8) 
thrown [./open/src/hotspot/share/classfile/systemDictionary.cpp, line 226]

Events (20 events):
Event: 16.896 loading class java/lang/ObjectCustomizer done
Event: 16.896 loading class java/lang/ObjectCustomizer
Event: 16.896 loading class java/lang/ObjectCustomizer done
Event: 16.901 loading class java/lang/ObjectCustomizer
Event: 16.901 loading class java/lang/ObjectCustomizer done
Event: 16.901 loading class java/lang/ObjectCustomizer
Event: 16.901 loading class java/lang/ObjectCustomizer done
Event: 16.919 loading class java/lang/ObjectCustomizer
Event: 16.919 loading class java/lang/ObjectCustomizer done
Event: 16.919 loading class java/lang/ObjectCustomizer
Event: 16.919 loading class java/lang/ObjectCustomizer done
Event: 16.967 loading class java/lang/ObjectCustomizer
Event: 16.967 loading class java/lang/ObjectCustomizer done
Event: 16.967 loading class java/lang/ObjectCustomizer
Event: 16.967 loading class java/lang/ObjectCustomizer done
Event: 17.008 loading class java/lang/ObjectCustomizer
Event: 17.008 loading class java/lang/ObjectCustomizer done
Event: 17.008 loading class java/lang/ObjectCustomizer
Event: 17.008 loading class java/lang/ObjectCustomizer done
Event: 17.036 loading class java/util/concurrent/Flow$Publisher


Dynamic libraries:
0x00007ff6d0140000 - 0x00007ff6d014f000 	C:\Program Files\Java\jdk-14.0.2\bin\java.exe
0x00007fffd8730000 - 0x00007fffd8925000 	C:\WINDOWS\SYSTEM32\ntdll.dll
0x00007fffd6790000 - 0x00007fffd684d000 	C:\WINDOWS\System32\KERNEL32.DLL
0x00007fffd6040000 - 0x00007fffd6308000 	C:\WINDOWS\System32\KERNELBASE.dll
0x00007fffd6310000 - 0x00007fffd6410000 	C:\WINDOWS\System32\ucrtbase.dll
0x00007fffd2b90000 - 0x00007fffd2ba8000 	C:\Program Files\Java\jdk-14.0.2\bin\jli.dll
0x00007fffd85e0000 - 0x00007fffd868c000 	C:\WINDOWS\System32\ADVAPI32.dll
0x00007fffd68f0000 - 0x00007fffd698e000 	C:\WINDOWS\System32\msvcrt.dll
0x00007fffd7160000 - 0x00007fffd71fb000 	C:\WINDOWS\System32\sechost.dll
0x00007fffd7d60000 - 0x00007fffd7e8b000 	C:\WINDOWS\System32\RPCRT4.dll
0x00007fffd7240000 - 0x00007fffd73e0000 	C:\WINDOWS\System32\USER32.dll
0x00007fffd5f70000 - 0x00007fffd5f92000 	C:\WINDOWS\System32\win32u.dll
0x00007fffd7200000 - 0x00007fffd722a000 	C:\WINDOWS\System32\GDI32.dll
0x00007fffd6490000 - 0x00007fffd659b000 	C:\WINDOWS\System32\gdi32full.dll
0x00007fffd5fa0000 - 0x00007fffd603d000 	C:\WINDOWS\System32\msvcp_win.dll
0x00007fffc07f0000 - 0x00007fffc0a8a000 	C:\WINDOWS\WinSxS\amd64_microsoft.windows.common-controls_6595b64144ccf1df_6.0.19041.844_none_ca00b6081b84eb1d\COMCTL32.dll
0x00007fffd2bd0000 - 0x00007fffd2be5000 	C:\Program Files\Java\jdk-14.0.2\bin\VCRUNTIME140.dll
0x00007fffca210000 - 0x00007fffca21a000 	C:\WINDOWS\SYSTEM32\VERSION.dll
0x00007fffd68c0000 - 0x00007fffd68f0000 	C:\WINDOWS\System32\IMM32.DLL
0x00007fffcb1b0000 - 0x00007fffcb24b000 	C:\Program Files\Java\jdk-14.0.2\bin\msvcp140.dll
0x00007fffa9650000 - 0x00007fffaa16e000 	C:\Program Files\Java\jdk-14.0.2\bin\server\jvm.dll
0x00007fffd7150000 - 0x00007fffd7158000 	C:\WINDOWS\System32\PSAPI.DLL
0x00007fffce340000 - 0x00007fffce349000 	C:\WINDOWS\SYSTEM32\WSOCK32.dll
0x00007fffd7490000 - 0x00007fffd74fb000 	C:\WINDOWS\System32\WS2_32.dll
0x00007fffc3180000 - 0x00007fffc31a7000 	C:\WINDOWS\SYSTEM32\WINMM.dll
0x00007fffd4730000 - 0x00007fffd4742000 	C:\WINDOWS\SYSTEM32\kernel.appcore.dll
0x00007fffd3480000 - 0x00007fffd348a000 	C:\Program Files\Java\jdk-14.0.2\bin\jimage.dll
0x00007fffd3d80000 - 0x00007fffd3f64000 	C:\WINDOWS\SYSTEM32\DBGHELP.DLL
0x00007fffc2340000 - 0x00007fffc236c000 	C:\WINDOWS\SYSTEM32\dbgcore.DLL
0x00007fffd6410000 - 0x00007fffd6490000 	C:\WINDOWS\System32\bcryptPrimitives.dll
0x00007fffcf900000 - 0x00007fffcf90e000 	C:\Program Files\Java\jdk-14.0.2\bin\instrument.dll
0x00007fffcb160000 - 0x00007fffcb185000 	C:\Program Files\Java\jdk-14.0.2\bin\java.dll
0x00007fffcee80000 - 0x00007fffcee96000 	C:\Program Files\Java\jdk-14.0.2\bin\zip.dll
0x00007fffd7e90000 - 0x00007fffd85d2000 	C:\WINDOWS\System32\SHELL32.dll
0x00007fffd3f90000 - 0x00007fffd4721000 	C:\WINDOWS\SYSTEM32\windows.storage.dll
0x00007fffd6d90000 - 0x00007fffd70e5000 	C:\WINDOWS\System32\combase.dll
0x00007fffd5810000 - 0x00007fffd583c000 	C:\WINDOWS\SYSTEM32\Wldp.dll
0x00007fffd7970000 - 0x00007fffd7a1e000 	C:\WINDOWS\System32\SHCORE.dll
0x00007fffd6860000 - 0x00007fffd68b5000 	C:\WINDOWS\System32\shlwapi.dll
0x00007fffd5db0000 - 0x00007fffd5dcf000 	C:\WINDOWS\SYSTEM32\profapi.dll
0x00007fffceb20000 - 0x00007fffceb39000 	C:\Program Files\Java\jdk-14.0.2\bin\net.dll
0x00007fffcd6a0000 - 0x00007fffcd7ab000 	C:\WINDOWS\SYSTEM32\WINHTTP.dll
0x00007fffd5580000 - 0x00007fffd55ea000 	C:\WINDOWS\system32\mswsock.dll
0x00007fffcc9f0000 - 0x00007fffcca02000 	C:\Program Files\Java\jdk-14.0.2\bin\nio.dll
0x00007fffcaf90000 - 0x00007fffcafaa000 	C:\Program Files\JetBrains\IntelliJ IDEA Community Edition 2020.3.3\bin\breakgen64.dll
0x00007fffd2b70000 - 0x00007fffd2b80000 	C:\Program Files\Java\jdk-14.0.2\bin\verify.dll
0x00007fffcb130000 - 0x00007fffcb139000 	C:\Program Files\Java\jdk-14.0.2\bin\management.dll
0x00007fffcb080000 - 0x00007fffcb08b000 	C:\Program Files\Java\jdk-14.0.2\bin\management_ext.dll
0x00007fffb6fa0000 - 0x00007fffb6fb7000 	C:\WINDOWS\system32\napinsp.dll
0x00007fffb6fc0000 - 0x00007fffb6fdb000 	C:\WINDOWS\system32\pnrpnsp.dll
0x00007fffcf0a0000 - 0x00007fffcf0b5000 	C:\WINDOWS\system32\wshbth.dll
0x00007fffd1460000 - 0x00007fffd147d000 	C:\WINDOWS\system32\NLAapi.dll
0x00007fffd5270000 - 0x00007fffd52ab000 	C:\WINDOWS\SYSTEM32\IPHLPAPI.DLL
0x00007fffd52b0000 - 0x00007fffd537c000 	C:\WINDOWS\SYSTEM32\DNSAPI.dll
0x00007fffd6850000 - 0x00007fffd6858000 	C:\WINDOWS\System32\NSI.dll
0x00007fffc5e60000 - 0x00007fffc5e72000 	C:\WINDOWS\System32\winrnr.dll
0x00007fffcbbf0000 - 0x00007fffcbbfa000 	C:\Windows\System32\rasadhlp.dll
0x00007fffccd90000 - 0x00007fffcce0f000 	C:\WINDOWS\System32\fwpuclnt.dll
0x00007fffd6600000 - 0x00007fffd6627000 	C:\WINDOWS\System32\bcrypt.dll
0x00007fffd5760000 - 0x00007fffd5778000 	C:\WINDOWS\SYSTEM32\CRYPTSP.dll
0x00007fffd4f20000 - 0x00007fffd4f54000 	C:\WINDOWS\system32\rsaenh.dll
0x00007fffd5d00000 - 0x00007fffd5d2e000 	C:\WINDOWS\SYSTEM32\USERENV.dll
0x00007fffd5750000 - 0x00007fffd575c000 	C:\WINDOWS\SYSTEM32\CRYPTBASE.dll
0x00007fffcdbe0000 - 0x00007fffcdbf7000 	C:\WINDOWS\SYSTEM32\dhcpcsvc6.DLL
0x00007fffce610000 - 0x00007fffce62d000 	C:\WINDOWS\SYSTEM32\dhcpcsvc.DLL

dbghelp: loaded successfully - version: 4.0.5 - missing functions: none
symbol engine: initialized successfully - sym options: 0x614 - pdb path: .;C:\Program Files\Java\jdk-14.0.2\bin;C:\WINDOWS\SYSTEM32;C:\WINDOWS\WinSxS\amd64_microsoft.windows.common-controls_6595b64144ccf1df_6.0.19041.844_none_ca00b6081b84eb1d;C:\Program Files\Java\jdk-14.0.2\bin\server;C:\Program Files\JetBrains\IntelliJ IDEA Community Edition 2020.3.3\bin

VM Arguments:
jvm_args: -ea -Didea.test.cyclic.buffer.size=1048576 -javaagent:C:\Program Files\JetBrains\IntelliJ IDEA Community Edition 2020.3.3\lib\idea_rt.jar=52443:C:\Program Files\JetBrains\IntelliJ IDEA Community Edition 2020.3.3\bin -Dfile.encoding=UTF-8 
java_command: com.intellij.rt.junit.JUnitStarter -ideVersion5 -junit5 com.udacity.jdnd.course3.critter.CritterFunctionalTest,testSchedulePetsForServiceWithEmployee
java_class_path (initial): C:\Program Files\JetBrains\IntelliJ IDEA Community Edition 2020.3.3\lib\idea_rt.jar;C:\Users\ALKODS\.m2\repository\org\junit\platform\junit-platform-launcher\1.5.2\junit-platform-launcher-1.5.2.jar;C:\Program Files\JetBrains\IntelliJ IDEA Community Edition 2020.3.3\plugins\junit\lib\junit5-rt.jar;C:\Program Files\JetBrains\IntelliJ IDEA Community Edition 2020.3.3\plugins\junit\lib\junit-rt.jar;E:\SaMeH\Career\Programming\Courses\For Java\Java Web Developer Nanodegree\Part 3\nd035-c3-data-stores-and-persistence-project-starter-master\starter\critter\target\test-classes;E:\SaMeH\Career\Programming\Courses\For Java\Java Web Developer Nanodegree\Part 3\nd035-c3-data-stores-and-persistence-project-starter-master\starter\critter\target\classes;C:\Users\ALKODS\.m2\repository\org\springframework\boot\spring-boot-starter-data-jdbc\2.2.2.RELEASE\spring-boot-starter-data-jdbc-2.2.2.RELEASE.jar;C:\Users\ALKODS\.m2\repository\org\springframework\boot\spring-boot-starter-jdbc\2.2.2.RELEASE\spring-boot-starter-jdbc-2.2.2.RELEASE.jar;C:\Users\ALKODS\.m2\repository\com\zaxxer\HikariCP\3.4.1\HikariCP-3.4.1.jar;C:\Users\ALKODS\.m2\repository\org\springframework\spring-jdbc\5.2.2.RELEASE\spring-jdbc-5.2.2.RELEASE.jar;C:\Users\ALKODS\.m2\repository\org\springframework\data\spring-data-jdbc\1.1.3.RELEASE\spring-data-jdbc-1.1.3.RELEASE.jar;C:\Users\ALKODS\.m2\repository\org\springframework\data\spring-data-relational\1.1.3.RELEASE\spring-data-relational-1.1.3.RELEASE.jar;C:\Users\ALKODS\.m2\repository\org\springframework\data\spring-data-commons\2.2.3.RELEASE\spring-data-commons-2.2.3.RELEASE.jar;C:\Users\ALKODS\.m2\repository\org\springframework\spring-tx\5.2.2.RELEASE\spring-tx-5.2.2.RELEASE.jar;C:\Users\ALKODS\.m2\repository\org\springframework\spring-context\5.2.2.RELEASE\spring-context-5.2.2.RELEASE.jar;C:\Users\ALKODS\.m2\repository\org\springframework\spring-beans\5.2.2.RELEASE\spring-beans-5.2.2.RELEASE.jar;C:\Users\ALKODS\.m2\repository\org\slf4j\slf4
Launcher Type: SUN_STANDARD

[Global flags]
     intx CICompilerCount                          = 3                                         {product} {ergonomic}
     uint ConcGCThreads                            = 1                                         {product} {ergonomic}
     uint G1ConcRefinementThreads                  = 4                                         {product} {ergonomic}
   size_t G1HeapRegionSize                         = 1048576                                   {product} {ergonomic}
    uintx GCDrainStackTargetSize                   = 64                                        {product} {ergonomic}
   size_t InitialHeapSize                          = 100663296                                 {product} {ergonomic}
   size_t MarkStackSize                            = 4194304                                   {product} {ergonomic}
   size_t MaxHeapSize                              = 1585446912                                {product} {ergonomic}
   size_t MaxNewSize                               = 951058432                                 {product} {ergonomic}
   size_t MinHeapDeltaBytes                        = 1048576                                   {product} {ergonomic}
   size_t MinHeapSize                              = 8388608                                   {product} {ergonomic}
    uintx NonNMethodCodeHeapSize                   = 5832780                                {pd product} {ergonomic}
    uintx NonProfiledCodeHeapSize                  = 122912730                              {pd product} {ergonomic}
    uintx ProfiledCodeHeapSize                     = 122912730                              {pd product} {ergonomic}
    uintx ReservedCodeCacheSize                    = 251658240                              {pd product} {ergonomic}
     bool SegmentedCodeCache                       = true                                      {product} {ergonomic}
   size_t SoftMaxHeapSize                          = 1585446912                             {manageable} {ergonomic}
     bool UseCompressedClassPointers               = true                                 {lp64_product} {ergonomic}
     bool UseCompressedOops                        = true                                 {lp64_product} {ergonomic}
     bool UseG1GC                                  = true                                      {product} {ergonomic}
     bool UseLargePagesIndividualAllocation        = false                                  {pd product} {ergonomic}

Logging:
Log output configuration:
 #0: stdout all=warning uptime,level,tags
 #1: stderr all=off uptime,level,tags

Environment Variables:
PATH=C:\Program Files (x86)\Common Files\Oracle\Java\javapath;C:\WINDOWS\system32;C:\WINDOWS;C:\WINDOWS\System32\Wbem;C:\WINDOWS\System32\WindowsPowerShell\v1.0\;C:\Program Files\Microsoft SQL Server\130\Tools\Binn\;C:\Program Files (x86)\Windows Kits\10\Windows Performance Toolkit\;C:\xampp\php;C:\composer;C:\WINDOWS\System32\OpenSSH\;C:\Program Files\nodejs\;C:\Users\ALKODS\AppData\Local\Programs\Python\Python36\Scripts;C:\Program Files\Git\cmd;C:\Program Files\Git\mingw64\bin;C:\Program Files\Git\usr\bin;C:\Users\ALKODS\AppData\Local\Microsoft\WindowsApps;C:\Users\ALKODS\AppData\Roaming\Composer\vendor\bin;C:\Users\ALKODS\AppData\Roaming\npm;;C:\Users\ALKODS\AppData\Local\Programs\Microsoft VS Code\bin
USERNAME=ALKODS
OS=Windows_NT
PROCESSOR_IDENTIFIER=Intel64 Family 6 Model 58 Stepping 9, GenuineIntel



---------------  S Y S T E M  ---------------

OS: Windows 10 , 64 bit Build 19041 (10.0.19041.928)
OS uptime: 2 days 2:23 hours

CPU:total 4 (initial active 4) (2 cores per cpu, 2 threads per core) family 6 model 58 stepping 9, cmov, cx8, fxsr, mmx, sse, sse2, sse3, ssse3, sse4.1, sse4.2, popcnt, avx, aes, clmul, erms, ht, tsc, tscinvbit, tscinv

Memory: 4k page, system-wide physical 6046M (419M free)
TotalPageFile size 7697M (AvailPageFile size 8M)
current process WorkingSet (physical memory assigned to process): 240M, peak: 248M
current process commit charge ("private bytes"): 273M, peak: 280M

vm_info: Java HotSpot(TM) 64-Bit Server VM (14.0.2+12-46) for windows-amd64 JRE (14.0.2+12-46), built on Jul  9 2020 00:35:52 by "mach5one" with MS VC++ 15.9 (VS2017)

END.
